# JRE version: OpenJDK Runtime Environment (8.0_242-b01) (build 1.8.0_242-release-1644-b01)
# Java VM: OpenJDK 64-Bit Server VM (25.242-b01 mixed mode windows-amd64 compressed oops)
Heap:
 PSYoungGen      total 180224K, used 43802K [0x00000000d5580000, 0x00000000e1600000, 0x0000000100000000)
  eden space 167424K, 26% used [0x00000000d5580000,0x00000000d8046930,0x00000000df900000)
  from space 12800K, 0% used [0x00000000e0980000,0x00000000e0980000,0x00000000e1600000)
  to   space 14848K, 0% used [0x00000000df900000,0x00000000df900000,0x00000000e0780000)
 ParOldGen       total 116224K, used 15250K [0x0000000080000000, 0x0000000087180000, 0x00000000d5580000)
  object space 116224K, 13% used [0x0000000080000000,0x0000000080ee4bd8,0x0000000087180000)
 Metaspace       used 36113K, capacity 37510K, committed 37544K, reserved 1081344K
  class space    used 4959K, capacity 5272K, committed 5296K, reserved 1048576K
GC Heap History (10 events):
Event: 5.817 GC heap before
{Heap before GC invocations=6 (full 0):
 PSYoungGen      total 70656K, used 13024K [0x00000000d5580000, 0x00000000ded80000, 0x0000000100000000)
  eden space 65536K, 12% used [0x00000000d5580000,0x00000000d5d402a8,0x00000000d9580000)
  from space 5120K, 99% used [0x00000000d9580000,0x00000000d9a78030,0x00000000d9a80000)
  to   space 12288K, 0% used [0x00000000de180000,0x00000000de180000,0x00000000ded80000)
 ParOldGen       total 86016K, used 9556K [0x0000000080000000, 0x0000000085400000, 0x00000000d5580000)
  object space 86016K, 11% used [0x0000000080000000,0x0000000080955250,0x0000000085400000)
 Metaspace       used 20564K, capacity 21224K, committed 21296K, reserved 1067008K
  class space    used 2873K, capacity 3076K, committed 3120K, reserved 1048576K
Event: 5.822 GC heap after
Heap after GC invocations=6 (full 0):
 PSYoungGen      total 142336K, used 5536K [0x00000000d5580000, 0x00000000dec80000, 0x0000000100000000)
  eden space 131072K, 0% used [0x00000000d5580000,0x00000000d5580000,0x00000000dd580000)
  from space 11264K, 49% used [0x00000000de180000,0x00000000de6e8030,0x00000000dec80000)
  to   space 11776K, 0% used [0x00000000dd580000,0x00000000dd580000,0x00000000de100000)
 ParOldGen       total 86016K, used 9564K [0x0000000080000000, 0x0000000085400000, 0x00000000d5580000)
  object space 86016K, 11% used [0x0000000080000000,0x0000000080957250,0x0000000085400000)
 Metaspace       used 20564K, capacity 21224K, committed 21296K, reserved 1067008K
  class space    used 2873K, capacity 3076K, committed 3120K, reserved 1048576K
}
Event: 5.822 GC heap before
{Heap before GC invocations=7 (full 1):
 PSYoungGen      total 142336K, used 5536K [0x00000000d5580000, 0x00000000dec80000, 0x0000000100000000)
  eden space 131072K, 0% used [0x00000000d5580000,0x00000000d5580000,0x00000000dd580000)
  from space 11264K, 49% used [0x00000000de180000,0x00000000de6e8030,0x00000000dec80000)
  to   space 11776K, 0% used [0x00000000dd580000,0x00000000dd580000,0x00000000de100000)
 ParOldGen       total 86016K, used 9564K [0x0000000080000000, 0x0000000085400000, 0x00000000d5580000)
  object space 86016K, 11% used [0x0000000080000000,0x0000000080957250,0x0000000085400000)
 Metaspace       used 20564K, capacity 21224K, committed 21296K, reserved 1067008K
  class space    used 2873K, capacity 3076K, committed 3120K, reserved 1048576K
Event: 5.987 GC heap after
Heap after GC invocations=7 (full 1):
 PSYoungGen      total 142336K, used 0K [0x00000000d5580000, 0x00000000dec80000, 0x0000000100000000)
  eden space 131072K, 0% used [0x00000000d5580000,0x00000000d5580000,0x00000000dd580000)
  from space 11264K, 0% used [0x00000000de180000,0x00000000de180000,0x00000000dec80000)
  to   space 11776K, 0% used [0x00000000dd580000,0x00000000dd580000,0x00000000de100000)
 ParOldGen       total 68608K, used 6914K [0x0000000080000000, 0x0000000084300000, 0x00000000d5580000)
  object space 68608K, 10% used [0x0000000080000000,0x00000000806c0af8,0x0000000084300000)
 Metaspace       used 20564K, capacity 21224K, committed 21296K, reserved 1067008K
  class space    used 2873K, capacity 3076K, committed 3120K, reserved 1048576K
}
Event: 22.685 GC heap before
{Heap before GC invocations=8 (full 1):
 PSYoungGen      total 142336K, used 131072K [0x00000000d5580000, 0x00000000dec80000, 0x0000000100000000)
  eden space 131072K, 100% used [0x00000000d5580000,0x00000000dd580000,0x00000000dd580000)
  from space 11264K, 0% used [0x00000000de180000,0x00000000de180000,0x00000000dec80000)
  to   space 11776K, 0% used [0x00000000dd580000,0x00000000dd580000,0x00000000de100000)
 ParOldGen       total 68608K, used 6914K [0x0000000080000000, 0x0000000084300000, 0x00000000d5580000)
  object space 68608K, 10% used [0x0000000080000000,0x00000000806c0af8,0x0000000084300000)
 Metaspace       used 32748K, capacity 33760K, committed 33968K, reserved 1079296K
  class space    used 4470K, capacity 4718K, committed 4784K, reserved 1048576K
Event: 22.887 GC heap after
Heap after GC invocations=8 (full 1):
 PSYoungGen      total 142848K, used 11766K [0x00000000d5580000, 0x00000000e1800000, 0x0000000100000000)
  eden space 131072K, 0% used [0x00000000d5580000,0x00000000d5580000,0x00000000dd580000)
  from space 11776K, 99% used [0x00000000dd580000,0x00000000de0fd850,0x00000000de100000)
  to   space 14848K, 0% used [0x00000000e0980000,0x00000000e0980000,0x00000000e1800000)
 ParOldGen       total 68608K, used 9687K [0x0000000080000000, 0x0000000084300000, 0x00000000d5580000)
  object space 68608K, 14% used [0x0000000080000000,0x0000000080975ef8,0x0000000084300000)
 Metaspace       used 32748K, capacity 33760K, committed 33968K, reserved 1079296K
  class space    used 4470K, capacity 4718K, committed 4784K, reserved 1048576K
}
Event: 24.524 GC heap before
{Heap before GC invocations=9 (full 1):
 PSYoungGen      total 142848K, used 44250K [0x00000000d5580000, 0x00000000e1800000, 0x0000000100000000)
  eden space 131072K, 24% used [0x00000000d5580000,0x00000000d75392f0,0x00000000dd580000)
  from space 11776K, 99% used [0x00000000dd580000,0x00000000de0fd850,0x00000000de100000)
  to   space 14848K, 0% used [0x00000000e0980000,0x00000000e0980000,0x00000000e1800000)
 ParOldGen       total 68608K, used 9687K [0x0000000080000000, 0x0000000084300000, 0x00000000d5580000)
  object space 68608K, 14% used [0x0000000080000000,0x0000000080975ef8,0x0000000084300000)
 Metaspace       used 34274K, capacity 35408K, committed 35496K, reserved 1079296K
  class space    used 4712K, capacity 5001K, committed 5040K, reserved 1048576K
Event: 24.537 GC heap after
Heap after GC invocations=9 (full 1):
 PSYoungGen      total 180224K, used 8904K [0x00000000d5580000, 0x00000000e1600000, 0x0000000100000000)
  eden space 167424K, 0% used [0x00000000d5580000,0x00000000d5580000,0x00000000df900000)
  from space 12800K, 69% used [0x00000000e0980000,0x00000000e1232320,0x00000000e1600000)
  to   space 14848K, 0% used [0x00000000df900000,0x00000000df900000,0x00000000e0780000)
 ParOldGen       total 68608K, used 9695K [0x0000000080000000, 0x0000000084300000, 0x00000000d5580000)
  object space 68608K, 14% used [0x0000000080000000,0x0000000080977ef8,0x0000000084300000)
 Metaspace       used 34274K, capacity 35408K, committed 35496K, reserved 1079296K
  class space    used 4712K, capacity 5001K, committed 5040K, reserved 1048576K
}
Event: 24.558 GC heap before
{Heap before GC invocations=10 (full 2):
 PSYoungGen      total 180224K, used 8904K [0x00000000d5580000, 0x00000000e1600000, 0x0000000100000000)
  eden space 167424K, 0% used [0x00000000d5580000,0x00000000d5580000,0x00000000df900000)
  from space 12800K, 69% used [0x00000000e0980000,0x00000000e1232320,0x00000000e1600000)
  to   space 14848K, 0% used [0x00000000df900000,0x00000000df900000,0x00000000e0780000)
 ParOldGen       total 68608K, used 9695K [0x0000000080000000, 0x0000000084300000, 0x00000000d5580000)
  object space 68608K, 14% used [0x0000000080000000,0x0000000080977ef8,0x0000000084300000)
 Metaspace       used 34274K, capacity 35408K, committed 35496K, reserved 1079296K
  class space    used 4712K, capacity 5001K, committed 5040K, reserved 1048576K
Event: 24.963 GC heap after
Heap after GC invocations=10 (full 2):
 PSYoungGen      total 180224K, used 0K [0x00000000d5580000, 0x00000000e1600000, 0x0000000100000000)
  eden space 167424K, 0% used [0x00000000d5580000,0x00000000d5580000,0x00000000df900000)
  from space 12800K, 0% used [0x00000000e0980000,0x00000000e0980000,0x00000000e1600000)
  to   space 14848K, 0% used [0x00000000df900000,0x00000000df900000,0x00000000e0780000)
 ParOldGen       total 116224K, used 15250K [0x0000000080000000, 0x0000000087180000, 0x00000000d5580000)
  object space 116224K, 13% used [0x0000000080000000,0x0000000080ee4bd8,0x0000000087180000)
 Metaspace       used 34274K, capacity 35408K, committed 35496K, reserved 1079296K
  class space    used 4712K, capacity 5001K, committed 5040K, reserved 1048576K
}

